Using pre-set license
Built from '2021.3/staging' branch; Version is '2021.3.16f1 (4016570cf34f) revision 4200023'; Using compiler version '192829333'; Build Type 'Release'
OS: 'Windows 11  (10.0.22000) 64bit Professional' Language: 'en' Physical Memory: 16333 MB
BatchMode: 1, IsHumanControllingUs: 0, StartBugReporterOnCrash: 0, Is64bit: 1, IsPro: 1

COMMAND LINE ARGUMENTS:
E:\UnityNew\Unity 2021.3.16f1\Editor\Unity.exe
-adb2
-batchMode
-noUpm
-name
AssetImportWorker4
-projectPath
E:/ProjectsUnity/Animals-Platform-Game/Animals Platform Game
-logFile
Logs/AssetImportWorker4.log
-srvPort
64139
Successfully changed project path to: E:/ProjectsUnity/Animals-Platform-Game/Animals Platform Game
E:/ProjectsUnity/Animals-Platform-Game/Animals Platform Game
[UnityMemory] Configuration Parameters - Can be set up in boot.config
    "memorysetup-bucket-allocator-granularity=16"
    "memorysetup-bucket-allocator-bucket-count=8"
    "memorysetup-bucket-allocator-block-size=33554432"
    "memorysetup-bucket-allocator-block-count=8"
    "memorysetup-main-allocator-block-size=16777216"
    "memorysetup-thread-allocator-block-size=16777216"
    "memorysetup-gfx-main-allocator-block-size=16777216"
    "memorysetup-gfx-thread-allocator-block-size=16777216"
    "memorysetup-cache-allocator-block-size=4194304"
    "memorysetup-typetree-allocator-block-size=2097152"
    "memorysetup-profiler-bucket-allocator-granularity=16"
    "memorysetup-profiler-bucket-allocator-bucket-count=8"
    "memorysetup-profiler-bucket-allocator-block-size=33554432"
    "memorysetup-profiler-bucket-allocator-block-count=8"
    "memorysetup-profiler-allocator-block-size=16777216"
    "memorysetup-profiler-editor-allocator-block-size=1048576"
    "memorysetup-temp-allocator-size-main=16777216"
    "memorysetup-job-temp-allocator-block-size=2097152"
    "memorysetup-job-temp-allocator-block-size-background=1048576"
    "memorysetup-job-temp-allocator-reduction-small-platforms=262144"
    "memorysetup-temp-allocator-size-background-worker=32768"
    "memorysetup-temp-allocator-size-job-worker=262144"
    "memorysetup-temp-allocator-size-preload-manager=33554432"
    "memorysetup-temp-allocator-size-nav-mesh-worker=65536"
    "memorysetup-temp-allocator-size-audio-worker=65536"
    "memorysetup-temp-allocator-size-cloud-worker=32768"
    "memorysetup-temp-allocator-size-gi-baking-worker=262144"
    "memorysetup-temp-allocator-size-gfx=262144"
Player connection [21044] Host "[IP] 192.168.178.164 [Port] 0 [Flags] 2 [Guid] 4104946338 [EditorId] 4104946338 [Version] 1048832 [Id] WindowsEditor(7,ComputerSylwek) [Debug] 1 [PackageName] WindowsEditor [ProjectName] Editor" joined multi-casting on [225.0.0.222:54997]...

Player connection [21044] Host "[IP] 192.168.178.164 [Port] 0 [Flags] 2 [Guid] 4104946338 [EditorId] 4104946338 [Version] 1048832 [Id] WindowsEditor(7,ComputerSylwek) [Debug] 1 [PackageName] WindowsEditor [ProjectName] Editor" joined alternative multi-casting on [225.0.0.222:34997]...

Refreshing native plugins compatible for Editor in 135.93 ms, found 4 plugins.
Preloading 0 native plugins for Editor in 0.00 ms.
Initialize engine version: 2021.3.16f1 (4016570cf34f)
[Subsystems] Discovering subsystems at path E:/UnityNew/Unity 2021.3.16f1/Editor/Data/Resources/UnitySubsystems
[Subsystems] Discovering subsystems at path E:/ProjectsUnity/Animals-Platform-Game/Animals Platform Game/Assets
GfxDevice: creating device client; threaded=0; jobified=0
Direct3D:
    Version:  Direct3D 11.0 [level 11.1]
    Renderer: NVIDIA GeForce RTX 2060 SUPER (ID=0x1f06)
    Vendor:   NVIDIA
    VRAM:     8019 MB
    Driver:   31.0.15.2698
Initialize mono
Mono path[0] = 'E:/UnityNew/Unity 2021.3.16f1/Editor/Data/Managed'
Mono path[1] = 'E:/UnityNew/Unity 2021.3.16f1/Editor/Data/MonoBleedingEdge/lib/mono/unityjit-win32'
Mono config path = 'E:/UnityNew/Unity 2021.3.16f1/Editor/Data/MonoBleedingEdge/etc'
Using monoOptions --debugger-agent=transport=dt_socket,embedding=1,server=y,suspend=n,address=127.0.0.1:56320
Begin MonoManager ReloadAssembly
Registering precompiled unity dll's ...
Register platform support module: E:/UnityNew/Unity 2021.3.16f1/Editor/Data/PlaybackEngines/WindowsStandaloneSupport/UnityEditor.WindowsStandalone.Extensions.dll
Registered in 0.002579 seconds.
Native extension for WindowsStandalone target not found
Refreshing native plugins compatible for Editor in 109.34 ms, found 4 plugins.
Preloading 0 native plugins for Editor in 0.00 ms.
Mono: successfully reloaded assembly
- Completed reload, in  0.735 seconds
Domain Reload Profiling:
	ReloadAssembly (736ms)
		BeginReloadAssembly (88ms)
			ExecutionOrderSort (0ms)
			DisableScriptedObjects (0ms)
			BackupInstance (0ms)
			ReleaseScriptingObjects (0ms)
			CreateAndSetChildDomain (1ms)
		EndReloadAssembly (538ms)
			LoadAssemblies (88ms)
			RebuildTransferFunctionScriptingTraits (0ms)
			SetupTypeCache (126ms)
			ReleaseScriptCaches (0ms)
			RebuildScriptCaches (33ms)
			SetupLoadedEditorAssemblies (325ms)
				LogAssemblyErrors (0ms)
				InitializePlatformSupportModulesInManaged (7ms)
				SetLoadedEditorAssemblies (0ms)
				RefreshPlugins (109ms)
				BeforeProcessingInitializeOnLoad (1ms)
				ProcessInitializeOnLoadAttributes (156ms)
				ProcessInitializeOnLoadMethodAttributes (51ms)
				AfterProcessingInitializeOnLoad (0ms)
				EditorAssembliesLoaded (0ms)
			ExecutionOrderSort2 (0ms)
			AwakeInstancesAfterBackupRestoration (0ms)
Platform modules already initialized, skipping
Registering precompiled user dll's ...
Registered in 0.007516 seconds.
Begin MonoManager ReloadAssembly
Symbol file LoadedFromMemory doesn't match image E:\ProjectsUnity\Animals-Platform-Game\Animals Platform Game\Library\PackageCache\com.unity.visualscripting@1.7.8\Editor\VisualScripting.Core\Dependencies\YamlDotNet\Unity.VisualScripting.YamlDotNet.dll
Symbol file LoadedFromMemory doesn't match image E:\ProjectsUnity\Animals-Platform-Game\Animals Platform Game\Library\PackageCache\com.unity.visualscripting@1.7.8\Editor\VisualScripting.Core\Dependencies\DotNetZip\Unity.VisualScripting.IonicZip.dll
Native extension for WindowsStandalone target not found
Refreshing native plugins compatible for Editor in 105.44 ms, found 4 plugins.
Preloading 0 native plugins for Editor in 0.00 ms.
Mono: successfully reloaded assembly
- Completed reload, in  1.403 seconds
Domain Reload Profiling:
	ReloadAssembly (1403ms)
		BeginReloadAssembly (137ms)
			ExecutionOrderSort (0ms)
			DisableScriptedObjects (7ms)
			BackupInstance (0ms)
			ReleaseScriptingObjects (0ms)
			CreateAndSetChildDomain (23ms)
		EndReloadAssembly (1150ms)
			LoadAssemblies (112ms)
			RebuildTransferFunctionScriptingTraits (0ms)
			SetupTypeCache (266ms)
			ReleaseScriptCaches (1ms)
			RebuildScriptCaches (64ms)
			SetupLoadedEditorAssemblies (686ms)
				LogAssemblyErrors (0ms)
				InitializePlatformSupportModulesInManaged (3ms)
				SetLoadedEditorAssemblies (0ms)
				RefreshPlugins (106ms)
				BeforeProcessingInitializeOnLoad (98ms)
				ProcessInitializeOnLoadAttributes (433ms)
				ProcessInitializeOnLoadMethodAttributes (44ms)
				AfterProcessingInitializeOnLoad (2ms)
				EditorAssembliesLoaded (0ms)
			ExecutionOrderSort2 (0ms)
			AwakeInstancesAfterBackupRestoration (5ms)
Platform modules already initialized, skipping
========================================================================
Worker process is ready to serve import requests
Launched and connected shader compiler UnityShaderCompiler.exe after 0.05 seconds
Refreshing native plugins compatible for Editor in 1.24 ms, found 4 plugins.
Preloading 0 native plugins for Editor in 0.00 ms.
Unloading 4045 Unused Serialized files (Serialized files now loaded: 0)
Unloading 38 unused Assets / (56.4 KB). Loaded Objects now: 4502.
Memory consumption went from 150.7 MB to 150.6 MB.
Total: 4.047600 ms (FindLiveObjects: 0.409400 ms CreateObjectMapping: 0.118700 ms MarkObjects: 3.397700 ms  DeleteObjects: 0.120200 ms)

AssetImportParameters requested are different than current active one (requested -> active):
  custom:video-decoder-ogg-theora: a1e56fd34408186e4bbccfd4996cb3dc -> 
  custom:container-muxer-webm: aa71ff27fc2769a1b78a27578f13a17b -> 
  custom:container-demuxer-webm: 4f35f7cbe854078d1ac9338744f61a02 -> 
  custom:video-encoder-webm-vp8: eb34c28f22e8b96e1ab97ce403110664 -> 
  custom:audio-encoder-webm-vorbis: bf7c407c2cedff20999df2af8eb42d56 -> 
  custom:framework-win-MediaFoundation: 216162199b28c13a410421893ffa2e32 -> 
  custom:container-demuxer-ogg: 62fdf1f143b41e24485cea50d1cbac27 -> 
  custom:video-decoder-webm-vp8: 9c59270c3fd7afecdb556c50c9e8de78 -> 
  custom:audio-decoder-ogg-vorbis: bf7c407c2cedff20999df2af8eb42d56 -> 
========================================================================
Received Import Request.
  Time since last request: 1455876.805516 seconds.
  path: Assets/SunnyLand Artwork/Environment/Materials/back.mat
  artifactKey: Guid(5b8bee8aaa011cd44b3ad95069969821) Importer(815301076,1909f56bfc062723c751e8b465ee728b)
Start importing Assets/SunnyLand Artwork/Environment/Materials/back.mat using Guid(5b8bee8aaa011cd44b3ad95069969821) Importer(815301076,1909f56bfc062723c751e8b465ee728b)  -> (artifact id: '361bb8287cd3f64a44b94f2d55b2d652') in 0.123470 seconds 
========================================================================
Received Import Request.
  Time since last request: 16.674835 seconds.
  path: Assets/SunnyLand Artwork/Sprites/Fx
  artifactKey: Guid(879348f5081814f15b74a637aff1805d) Importer(815301076,1909f56bfc062723c751e8b465ee728b)
Start importing Assets/SunnyLand Artwork/Sprites/Fx using Guid(879348f5081814f15b74a637aff1805d) Importer(815301076,1909f56bfc062723c751e8b465ee728b)  -> (artifact id: '3609a453c2fc7dc0f034a1ce87f441cf') in 0.005758 seconds 
========================================================================
Received Import Request.
  Time since last request: 0.830489 seconds.
  path: Assets/SunnyLand Artwork/Sprites/Fx/enemy-death
  artifactKey: Guid(8e410531b0ca844b79228da6d076824c) Importer(815301076,1909f56bfc062723c751e8b465ee728b)
Start importing Assets/SunnyLand Artwork/Sprites/Fx/enemy-death using Guid(8e410531b0ca844b79228da6d076824c) Importer(815301076,1909f56bfc062723c751e8b465ee728b)  -> (artifact id: 'd127aafee8929bc98ebe67a212f2bebb') in 0.005590 seconds 
========================================================================
Received Import Request.
  Time since last request: 0.107258 seconds.
  path: Assets/SunnyLand Artwork/Sprites/Fx/enemy-death/enemy-death-1.png
  artifactKey: Guid(815f73f3585044a32811d21502d58770) Importer(815301076,1909f56bfc062723c751e8b465ee728b)
Start importing Assets/SunnyLand Artwork/Sprites/Fx/enemy-death/enemy-death-1.png using Guid(815f73f3585044a32811d21502d58770) Importer(815301076,1909f56bfc062723c751e8b465ee728b)  -> (artifact id: '189ed9dddd0776ddaadbdc1c10aa1164') in 0.068519 seconds 
========================================================================
Received Import Request.
  Time since last request: 55.306098 seconds.
  path: Assets/SunnyLand Artwork/Environment/back.png
  artifactKey: Guid(8e160a2a620644cd6afef9119dad1093) Importer(815301076,1909f56bfc062723c751e8b465ee728b)
Start importing Assets/SunnyLand Artwork/Environment/back.png using Guid(8e160a2a620644cd6afef9119dad1093) Importer(815301076,1909f56bfc062723c751e8b465ee728b)  -> (artifact id: '5588cc0e22f8f6eba88bb10f683bb404') in 0.014676 seconds 
========================================================================
Received Import Request.
  Time since last request: 37.140333 seconds.
  path: Assets/SunnyLand Artwork/Environment/back.png
  artifactKey: Guid(8e160a2a620644cd6afef9119dad1093) Importer(815301076,1909f56bfc062723c751e8b465ee728b)
Start importing Assets/SunnyLand Artwork/Environment/back.png using Guid(8e160a2a620644cd6afef9119dad1093) Importer(815301076,1909f56bfc062723c751e8b465ee728b)  -> (artifact id: 'f85ac8e92afed66facc92d9a1c87119f') in 0.702233 seconds 
========================================================================
Received Import Request.
  Time since last request: 61.385785 seconds.
  path: Assets/SunnyLand Artwork/Environment/Materials/back.mat
  artifactKey: Guid(5b8bee8aaa011cd44b3ad95069969821) Importer(815301076,1909f56bfc062723c751e8b465ee728b)
Start importing Assets/SunnyLand Artwork/Environment/Materials/back.mat using Guid(5b8bee8aaa011cd44b3ad95069969821) Importer(815301076,1909f56bfc062723c751e8b465ee728b)  -> (artifact id: '5ffa4f2c899fa1abf7c175fc4da46b3b') in 0.007506 seconds 
========================================================================
Received Import Request.
  Time since last request: 175.756124 seconds.
  path: Assets/SunnyLand Artwork/Environment/back_0.asset
  artifactKey: Guid(af4153cce7b66cc4c8f7383f96bd5b9c) Importer(815301076,1909f56bfc062723c751e8b465ee728b)
Start importing Assets/SunnyLand Artwork/Environment/back_0.asset using Guid(af4153cce7b66cc4c8f7383f96bd5b9c) Importer(815301076,1909f56bfc062723c751e8b465ee728b)  -> (artifact id: 'f050dfa8dd26546d8a2063ab32ba4782') in 0.024460 seconds 
========================================================================
Received Import Request.
  Time since last request: 0.000023 seconds.
  path: Assets/SunnyLand Artwork/Environment/back_33.asset
  artifactKey: Guid(a28a03609940486459a503e7ad314a2b) Importer(815301076,1909f56bfc062723c751e8b465ee728b)
Start importing Assets/SunnyLand Artwork/Environment/back_33.asset using Guid(a28a03609940486459a503e7ad314a2b) Importer(815301076,1909f56bfc062723c751e8b465ee728b)  -> (artifact id: '2b231953be624a935bcc4380e1d52de0') in 0.048783 seconds 
========================================================================
Received Import Request.
  Time since last request: 0.000032 seconds.
  path: Assets/SunnyLand Artwork/Environment/back_62.asset
  artifactKey: Guid(22f52a7ca0e6d2e479f85ac32cbd0e78) Importer(815301076,1909f56bfc062723c751e8b465ee728b)
Start importing Assets/SunnyLand Artwork/Environment/back_62.asset using Guid(22f52a7ca0e6d2e479f85ac32cbd0e78) Importer(815301076,1909f56bfc062723c751e8b465ee728b)  -> (artifact id: '0730b79ff05a176aba140ced99981eb0') in 0.020140 seconds 
========================================================================
Received Import Request.
  Time since last request: 0.000033 seconds.
  path: Assets/SunnyLand Artwork/Environment/back_23.asset
  artifactKey: Guid(5027e376a2db8b843a904837b7a5356e) Importer(815301076,1909f56bfc062723c751e8b465ee728b)
Start importing Assets/SunnyLand Artwork/Environment/back_23.asset using Guid(5027e376a2db8b843a904837b7a5356e) Importer(815301076,1909f56bfc062723c751e8b465ee728b)  -> (artifact id: 'd426895d758d7c913893cb8f526180ff') in 0.022845 seconds 
========================================================================
Received Import Request.
  Time since last request: 0.000027 seconds.
  path: Assets/SunnyLand Artwork/Environment/back_16.asset
  artifactKey: Guid(89a22b4e27fab1a40b0002d3d6b778a6) Importer(815301076,1909f56bfc062723c751e8b465ee728b)
Start importing Assets/SunnyLand Artwork/Environment/back_16.asset using Guid(89a22b4e27fab1a40b0002d3d6b778a6) Importer(815301076,1909f56bfc062723c751e8b465ee728b)  -> (artifact id: 'fbf8e476e4dadb34e811229319fe9642') in 0.012616 seconds 
========================================================================
Received Import Request.
  Time since last request: 0.000029 seconds.
  path: Assets/SunnyLand Artwork/Environment/back_4.asset
  artifactKey: Guid(145c0523e2cc3204682fd7333187677e) Importer(815301076,1909f56bfc062723c751e8b465ee728b)
Start importing Assets/SunnyLand Artwork/Environment/back_4.asset using Guid(145c0523e2cc3204682fd7333187677e) Importer(815301076,1909f56bfc062723c751e8b465ee728b)  -> (artifact id: '43ca658c1dfae2b917d255982a706101') in 0.033760 seconds 
========================================================================
Received Import Request.
  Time since last request: 0.000032 seconds.
  path: Assets/SunnyLand Artwork/Environment/back_70.asset
  artifactKey: Guid(eca6011a23dfd334f9d473107519e206) Importer(815301076,1909f56bfc062723c751e8b465ee728b)
Start importing Assets/SunnyLand Artwork/Environment/back_70.asset using Guid(eca6011a23dfd334f9d473107519e206) Importer(815301076,1909f56bfc062723c751e8b465ee728b)  -> (artifact id: '1b1357c7e2e39b2891581f01ba7381df') in 0.024766 seconds 
========================================================================
Received Import Request.
  Time since last request: 0.000042 seconds.
  path: Assets/SunnyLand Artwork/Environment/back_61.asset
  artifactKey: Guid(861d8d9b0c0576045bd88a7666e296ca) Importer(815301076,1909f56bfc062723c751e8b465ee728b)
Start importing Assets/SunnyLand Artwork/Environment/back_61.asset using Guid(861d8d9b0c0576045bd88a7666e296ca) Importer(815301076,1909f56bfc062723c751e8b465ee728b)  -> (artifact id: 'dc6e11427390682a7f5a474b1ceb8e33') in 0.010187 seconds 
========================================================================
Received Import Request.
  Time since last request: 0.000039 seconds.
  path: Assets/SunnyLand Artwork/Environment/back_74.asset
  artifactKey: Guid(cc6eb98d5948eae42a34ab8ae985fa80) Importer(815301076,1909f56bfc062723c751e8b465ee728b)
Start importing Assets/SunnyLand Artwork/Environment/back_74.asset using Guid(cc6eb98d5948eae42a34ab8ae985fa80) Importer(815301076,1909f56bfc062723c751e8b465ee728b)  -> (artifact id: '0b8c172935e92d7aac9fa367afbdc819') in 0.012455 seconds 
========================================================================
Received Import Request.
  Time since last request: 0.000044 seconds.
  path: Assets/SunnyLand Artwork/Environment/back_48.asset
  artifactKey: Guid(a839868843112464aa69204ca88f91a2) Importer(815301076,1909f56bfc062723c751e8b465ee728b)
Start importing Assets/SunnyLand Artwork/Environment/back_48.asset using Guid(a839868843112464aa69204ca88f91a2) Importer(815301076,1909f56bfc062723c751e8b465ee728b)  -> (artifact id: '9b69c1dd2a91ebc7d5d88092a56e5a9a') in 0.010924 seconds 
========================================================================
Received Import Request.
  Time since last request: 0.000024 seconds.
  path: Assets/SunnyLand Artwork/Environment/back_52.asset
  artifactKey: Guid(006126936d4cd5740b61d85e1c94a110) Importer(815301076,1909f56bfc062723c751e8b465ee728b)
Start importing Assets/SunnyLand Artwork/Environment/back_52.asset using Guid(006126936d4cd5740b61d85e1c94a110) Importer(815301076,1909f56bfc062723c751e8b465ee728b)  -> (artifact id: '1ada3b90daf741b1ea984eeed599aff2') in 0.010261 seconds 
========================================================================
Received Import Request.
  Time since last request: 0.000029 seconds.
  path: Assets/SunnyLand Artwork/Environment/back_7.asset
  artifactKey: Guid(70ffd62de5cc0c845b10c092c03605d1) Importer(815301076,1909f56bfc062723c751e8b465ee728b)
Start importing Assets/SunnyLand Artwork/Environment/back_7.asset using Guid(70ffd62de5cc0c845b10c092c03605d1) Importer(815301076,1909f56bfc062723c751e8b465ee728b)  -> (artifact id: 'ff7297ab2837839ae39a1b4fd44fe34d') in 0.014519 seconds 
========================================================================
Received Import Request.
  Time since last request: 0.000022 seconds.
  path: Assets/SunnyLand Artwork/Environment/back_39.asset
  artifactKey: Guid(188c8ef0d9877fa4898cab1bb3d155a8) Importer(815301076,1909f56bfc062723c751e8b465ee728b)
Start importing Assets/SunnyLand Artwork/Environment/back_39.asset using Guid(188c8ef0d9877fa4898cab1bb3d155a8) Importer(815301076,1909f56bfc062723c751e8b465ee728b)  -> (artifact id: '35ae6bdd357dccadf4b20067b1115b95') in 0.021803 seconds 
========================================================================
Received Import Request.
  Time since last request: 0.000028 seconds.
  path: Assets/SunnyLand Artwork/Environment/back_26.asset
  artifactKey: Guid(4a21eba63953a6846b8a05ac75a4bd26) Importer(815301076,1909f56bfc062723c751e8b465ee728b)
Start importing Assets/SunnyLand Artwork/Environment/back_26.asset using Guid(4a21eba63953a6846b8a05ac75a4bd26) Importer(815301076,1909f56bfc062723c751e8b465ee728b)  -> (artifact id: '6f4b67007e793895d94a8cba9906ab1d') in 0.009661 seconds 
========================================================================
Received Import Request.
  Time since last request: 0.000036 seconds.
  path: Assets/SunnyLand Artwork/Environment/back_57.asset
  artifactKey: Guid(1754f85c1de6a3d42b809361579c58c6) Importer(815301076,1909f56bfc062723c751e8b465ee728b)
Start importing Assets/SunnyLand Artwork/Environment/back_57.asset using Guid(1754f85c1de6a3d42b809361579c58c6) Importer(815301076,1909f56bfc062723c751e8b465ee728b)  -> (artifact id: '5c3e168e4b500d25ff946f06f57a5a0b') in 0.010105 seconds 
========================================================================
Received Import Request.
  Time since last request: 0.000032 seconds.
  path: Assets/SunnyLand Artwork/Environment/back_22.asset
  artifactKey: Guid(29415c7689750e94d920bc3affa401b9) Importer(815301076,1909f56bfc062723c751e8b465ee728b)
Start importing Assets/SunnyLand Artwork/Environment/back_22.asset using Guid(29415c7689750e94d920bc3affa401b9) Importer(815301076,1909f56bfc062723c751e8b465ee728b)  -> (artifact id: 'eecc62959fec5c7c7188d6f8c9ea7dd8') in 0.010723 seconds 
========================================================================
Received Import Request.
  Time since last request: 0.000033 seconds.
  path: Assets/SunnyLand Artwork/Environment/back_67.asset
  artifactKey: Guid(edabf428abb4d994f817892bb1153f95) Importer(815301076,1909f56bfc062723c751e8b465ee728b)
Start importing Assets/SunnyLand Artwork/Environment/back_67.asset using Guid(edabf428abb4d994f817892bb1153f95) Importer(815301076,1909f56bfc062723c751e8b465ee728b)  -> (artifact id: '847b5ba2abe07b5b18997306e183895c') in 0.043172 seconds 
========================================================================
Received Import Request.
  Time since last request: 0.000026 seconds.
  path: Assets/SunnyLand Artwork/Environment/back_28.asset
  artifactKey: Guid(5f4d160945556074f908aa6c3da9b0c6) Importer(815301076,1909f56bfc062723c751e8b465ee728b)
Start importing Assets/SunnyLand Artwork/Environment/back_28.asset using Guid(5f4d160945556074f908aa6c3da9b0c6) Importer(815301076,1909f56bfc062723c751e8b465ee728b)  -> (artifact id: 'd4c58ecf526a51ad3e4f1c63f5d762c8') in 0.010082 seconds 
========================================================================
Received Import Request.
  Time since last request: 0.000044 seconds.
  path: Assets/SunnyLand Artwork/Environment/back_27.asset
  artifactKey: Guid(9e1538ce6098e264fb2bae94187e4ecd) Importer(815301076,1909f56bfc062723c751e8b465ee728b)
Start importing Assets/SunnyLand Artwork/Environment/back_27.asset using Guid(9e1538ce6098e264fb2bae94187e4ecd) Importer(815301076,1909f56bfc062723c751e8b465ee728b)  -> (artifact id: 'ff515784e2b320bf3453db92d95b429f') in 0.010343 seconds 
========================================================================
Received Import Request.
  Time since last request: 0.000035 seconds.
  path: Assets/SunnyLand Artwork/Environment/back_68.asset
  artifactKey: Guid(f577892a407ea5542a89567adc7667f0) Importer(815301076,1909f56bfc062723c751e8b465ee728b)
Start importing Assets/SunnyLand Artwork/Environment/back_68.asset using Guid(f577892a407ea5542a89567adc7667f0) Importer(815301076,1909f56bfc062723c751e8b465ee728b)  -> (artifact id: '6e2e661449d45b388051fd54b932ecfe') in 0.010083 seconds 
========================================================================
Received Import Request.
  Time since last request: 0.000024 seconds.
  path: Assets/SunnyLand Artwork/Environment/back_11.asset
  artifactKey: Guid(7bc20dab9c0e9854a8dc7b30a6a9a0f5) Importer(815301076,1909f56bfc062723c751e8b465ee728b)
Start importing Assets/SunnyLand Artwork/Environment/back_11.asset using Guid(7bc20dab9c0e9854a8dc7b30a6a9a0f5) Importer(815301076,1909f56bfc062723c751e8b465ee728b)  -> (artifact id: 'dbcd2398059236220757e280e69b6427') in 0.038925 seconds 
========================================================================
Received Import Request.
  Time since last request: 0.000030 seconds.
  path: Assets/SunnyLand Artwork/Environment/back_64.asset
  artifactKey: Guid(941e9d81dfaa6654994d3d703ba4f2a9) Importer(815301076,1909f56bfc062723c751e8b465ee728b)
Start importing Assets/SunnyLand Artwork/Environment/back_64.asset using Guid(941e9d81dfaa6654994d3d703ba4f2a9) Importer(815301076,1909f56bfc062723c751e8b465ee728b)  -> (artifact id: '0da4784727a44161ce074061b38d2b57') in 0.010551 seconds 
========================================================================
Received Import Request.
  Time since last request: 0.000029 seconds.
  path: Assets/SunnyLand Artwork/Environment/back_41.asset
  artifactKey: Guid(ddf1fe00d18420447841d3d59a0cd2c4) Importer(815301076,1909f56bfc062723c751e8b465ee728b)
Start importing Assets/SunnyLand Artwork/Environment/back_41.asset using Guid(ddf1fe00d18420447841d3d59a0cd2c4) Importer(815301076,1909f56bfc062723c751e8b465ee728b)  -> (artifact id: '676d06edb9cd85d595e4c530eb3bb80d') in 0.010326 seconds 
========================================================================
Received Import Request.
  Time since last request: 0.000027 seconds.
  path: Assets/SunnyLand Artwork/Environment/back_71.asset
  artifactKey: Guid(02e4c94e168d43948a477909054d4b9c) Importer(815301076,1909f56bfc062723c751e8b465ee728b)
Start importing Assets/SunnyLand Artwork/Environment/back_71.asset using Guid(02e4c94e168d43948a477909054d4b9c) Importer(815301076,1909f56bfc062723c751e8b465ee728b)  -> (artifact id: 'bdc7af6b113b811b301f86f3c53b2184') in 0.010167 seconds 
========================================================================
Received Import Request.
  Time since last request: 0.000023 seconds.
  path: Assets/SunnyLand Artwork/Environment/back_31.asset
  artifactKey: Guid(69d7c637a9b0db547bf13c4223031cb4) Importer(815301076,1909f56bfc062723c751e8b465ee728b)
Start importing Assets/SunnyLand Artwork/Environment/back_31.asset using Guid(69d7c637a9b0db547bf13c4223031cb4) Importer(815301076,1909f56bfc062723c751e8b465ee728b)  -> (artifact id: '662d0e48bd70f30d835ea9d8f810ef5b') in 0.068027 seconds 
========================================================================
Received Import Request.
  Time since last request: 0.000032 seconds.
  path: Assets/SunnyLand Artwork/Environment/back_24.asset
  artifactKey: Guid(33b7e9e5923cb584b9d601c52d059fa1) Importer(815301076,1909f56bfc062723c751e8b465ee728b)
Start importing Assets/SunnyLand Artwork/Environment/back_24.asset using Guid(33b7e9e5923cb584b9d601c52d059fa1) Importer(815301076,1909f56bfc062723c751e8b465ee728b)  -> (artifact id: 'be33aadbb78b313a0b0a869292b6b23e') in 0.010042 seconds 
========================================================================
Received Import Request.
  Time since last request: 0.000032 seconds.
  path: Assets/SunnyLand Artwork/Environment/back_37.asset
  artifactKey: Guid(4ba5854dbc2aac44893ff5be60d5f923) Importer(815301076,1909f56bfc062723c751e8b465ee728b)
Start importing Assets/SunnyLand Artwork/Environment/back_37.asset using Guid(4ba5854dbc2aac44893ff5be60d5f923) Importer(815301076,1909f56bfc062723c751e8b465ee728b)  -> (artifact id: 'af890fd4cfebb27fc2a672897f94b458') in 0.016305 seconds 
========================================================================
Received Import Request.
  Time since last request: 0.000024 seconds.
  path: Assets/SunnyLand Artwork/Environment/back_13.asset
  artifactKey: Guid(c4655e10f53ebc348a35548af60009e8) Importer(815301076,1909f56bfc062723c751e8b465ee728b)
Start importing Assets/SunnyLand Artwork/Environment/back_13.asset using Guid(c4655e10f53ebc348a35548af60009e8) Importer(815301076,1909f56bfc062723c751e8b465ee728b)  -> (artifact id: 'a8d288a9c915827321d9a3671f3d2c29') in 0.055626 seconds 
========================================================================
Received Import Request.
  Time since last request: 0.000035 seconds.
  path: Assets/SunnyLand Artwork/Environment/back_20.asset
  artifactKey: Guid(df3cbd56ad9a7e04cabb2196522ad44f) Importer(815301076,1909f56bfc062723c751e8b465ee728b)
Start importing Assets/SunnyLand Artwork/Environment/back_20.asset using Guid(df3cbd56ad9a7e04cabb2196522ad44f) Importer(815301076,1909f56bfc062723c751e8b465ee728b)  -> (artifact id: '7d2860dfa4443918e1d62e1b88836003') in 0.010018 seconds 
========================================================================
Received Import Request.
  Time since last request: 0.000029 seconds.
  path: Assets/SunnyLand Artwork/Environment/back_50.asset
  artifactKey: Guid(861f9fcbd8893574e9791bcfa5c023c8) Importer(815301076,1909f56bfc062723c751e8b465ee728b)
Start importing Assets/SunnyLand Artwork/Environment/back_50.asset using Guid(861f9fcbd8893574e9791bcfa5c023c8) Importer(815301076,1909f56bfc062723c751e8b465ee728b)  -> (artifact id: '4d1280bd78d8607cdb0f6b69f7242112') in 0.009826 seconds 
========================================================================
Received Import Request.
  Time since last request: 0.000030 seconds.
  path: Assets/SunnyLand Artwork/Environment/back_42.asset
  artifactKey: Guid(1ff135789e0b2a648a0cf02ac10d061b) Importer(815301076,1909f56bfc062723c751e8b465ee728b)
Start importing Assets/SunnyLand Artwork/Environment/back_42.asset using Guid(1ff135789e0b2a648a0cf02ac10d061b) Importer(815301076,1909f56bfc062723c751e8b465ee728b)  -> (artifact id: 'e0b9018aca7f72da6a4f71573c0123de') in 0.013768 seconds 
========================================================================
Received Import Request.
  Time since last request: 0.000041 seconds.
  path: Assets/SunnyLand Artwork/Environment/back_40.asset
  artifactKey: Guid(0e91f79902943a3419d7714d11fecd45) Importer(815301076,1909f56bfc062723c751e8b465ee728b)
Start importing Assets/SunnyLand Artwork/Environment/back_40.asset using Guid(0e91f79902943a3419d7714d11fecd45) Importer(815301076,1909f56bfc062723c751e8b465ee728b)  -> (artifact id: 'b29daee3812c3388a440cfef90f1b8dc') in 0.009978 seconds 
========================================================================
Received Import Request.
  Time since last request: 0.000030 seconds.
  path: Assets/SunnyLand Artwork/Environment/back_59.asset
  artifactKey: Guid(62433d3536287ff458ac2c8366eac41f) Importer(815301076,1909f56bfc062723c751e8b465ee728b)
Start importing Assets/SunnyLand Artwork/Environment/back_59.asset using Guid(62433d3536287ff458ac2c8366eac41f) Importer(815301076,1909f56bfc062723c751e8b465ee728b)  -> (artifact id: '72286bc5b1f2b7f27b9d014770ffc391') in 0.057749 seconds 
========================================================================
Received Import Request.
  Time since last request: 0.000037 seconds.
  path: Assets/SunnyLand Artwork/Environment/back_55.asset
  artifactKey: Guid(b2d58afa1bc312e44ac3b4230dbcbdc4) Importer(815301076,1909f56bfc062723c751e8b465ee728b)
Start importing Assets/SunnyLand Artwork/Environment/back_55.asset using Guid(b2d58afa1bc312e44ac3b4230dbcbdc4) Importer(815301076,1909f56bfc062723c751e8b465ee728b)  -> (artifact id: '5ccabe206e17ae58d2d5ccc2df7d68e2') in 0.027245 seconds 
========================================================================
Received Import Request.
  Time since last request: 0.000044 seconds.
  path: Assets/SunnyLand Artwork/Environment/back_38.asset
  artifactKey: Guid(20fb3951505180349a13575857721909) Importer(815301076,1909f56bfc062723c751e8b465ee728b)
Start importing Assets/SunnyLand Artwork/Environment/back_38.asset using Guid(20fb3951505180349a13575857721909) Importer(815301076,1909f56bfc062723c751e8b465ee728b)  -> (artifact id: 'e377bb1fde3887f3fc900d3db8e1e749') in 0.011759 seconds 
========================================================================
Received Import Request.
  Time since last request: 0.000028 seconds.
  path: Assets/SunnyLand Artwork/Environment/back_30.asset
  artifactKey: Guid(209da338ce1c3ae419c611528f461c4b) Importer(815301076,1909f56bfc062723c751e8b465ee728b)
Start importing Assets/SunnyLand Artwork/Environment/back_30.asset using Guid(209da338ce1c3ae419c611528f461c4b) Importer(815301076,1909f56bfc062723c751e8b465ee728b)  -> (artifact id: 'a8ec05bd0ca77090dc351c206e262595') in 0.010298 seconds 
========================================================================
Received Import Request.
  Time since last request: 0.000033 seconds.
  path: Assets/SunnyLand Artwork/Environment/back_17.asset
  artifactKey: Guid(195f220d853343f4e96e36a6e7f486b2) Importer(815301076,1909f56bfc062723c751e8b465ee728b)
Start importing Assets/SunnyLand Artwork/Environment/back_17.asset using Guid(195f220d853343f4e96e36a6e7f486b2) Importer(815301076,1909f56bfc062723c751e8b465ee728b)  -> (artifact id: 'be97325cdbe5536da0bbecf0d54218c4') in 0.010964 seconds 
Editor requested this worker to shutdown with reason: Scaling down because of idle timeout
AssetImportWorker is now disconnected from the server
Process exiting
Exiting without the bug reporter. Application will terminate with return code 0